d:\github\tetris-game\debug\vc141.pdb
d:\github\tetris-game\debug\vc141.idb
d:\github\tetris-game\debug\pieces.obj
d:\github\tetris-game\debug\main.obj
d:\github\tetris-game\debug\io.obj
d:\github\tetris-game\debug\board.obj
d:\github\tetris-game\debug\game.obj
d:\github\tetris-game\debug\tetris.exe
d:\github\tetris-game\debug\tetris.ilk
d:\github\tetris-game\debug\tetris.pdb
d:\github\tetris-game\debug\tetris.exp
d:\github\tetris-game\debug\tetris.tlog\cl.command.1.tlog
d:\github\tetris-game\debug\tetris.tlog\cl.read.1.tlog
d:\github\tetris-game\debug\tetris.tlog\cl.write.1.tlog
d:\github\tetris-game\debug\tetris.tlog\link-cvtres.read.1.tlog
d:\github\tetris-game\debug\tetris.tlog\link-cvtres.write.1.tlog
d:\github\tetris-game\debug\tetris.tlog\link-rc.read.1.tlog
d:\github\tetris-game\debug\tetris.tlog\link-rc.write.1.tlog
d:\github\tetris-game\debug\tetris.tlog\link.8644-cvtres.read.1.tlog
d:\github\tetris-game\debug\tetris.tlog\link.8644-cvtres.write.1.tlog
d:\github\tetris-game\debug\tetris.tlog\link.8644-rc.read.1.tlog
d:\github\tetris-game\debug\tetris.tlog\link.8644-rc.write.1.tlog
d:\github\tetris-game\debug\tetris.tlog\link.8644.read.1.tlog
d:\github\tetris-game\debug\tetris.tlog\link.8644.write.1.tlog
d:\github\tetris-game\debug\tetris.tlog\link.command.1.tlog
d:\github\tetris-game\debug\tetris.tlog\link.read.1.tlog
d:\github\tetris-game\debug\tetris.tlog\link.write.1.tlog
